<?xml version="1.0" encoding="UTF-8"?>
<!-- Generated by org.testng.reporters.JUnitReportReporter -->
<testsuite hostname="AnkitL-L" failures="0" tests="3" name="browserStackTC.BrowserStackSetup" time="5.056" errors="0" timestamp="2024-04-27T21:27:57 IST" skipped="0">
  <testcase classname="browserStackTC.BrowserStackSetup" name="navigate_to_homepage_click_on_getstarted" time="4.216"/>
  <testcase classname="browserStackTC.BrowserStackSetup" name="enter_userDetails" time="0.449"/>
  <testcase classname="browserStackTC.BrowserStackSetup" name="enter_userDetails" time="0.391"/>
</testsuite> <!-- browserStackTC.BrowserStackSetup -->
